{"/home/ganapathi/Projects/Fileservice/src/controller/authController.js": {"path":"/home/ganapathi/Projects/Fileservice/src/controller/authController.js","statementMap":{"0":{"start":{"line":5,"column":22},"end":{"line":21,"column":1}},"1":{"start":{"line":6,"column":30},"end":{"line":6,"column":38}},"2":{"start":{"line":7,"column":4},"end":{"line":20,"column":5}},"3":{"start":{"line":8,"column":29},"end":{"line":8,"column":97}},"4":{"start":{"line":9,"column":8},"end":{"line":11,"column":5}},"5":{"start":{"line":10,"column":8},"end":{"line":10,"column":73}},"6":{"start":{"line":13,"column":27},"end":{"line":13,"column":58}},"7":{"start":{"line":14,"column":4},"end":{"line":14,"column":101}},"8":{"start":{"line":15,"column":4},"end":{"line":15,"column":66}},"9":{"start":{"line":18,"column":8},"end":{"line":18,"column":27}},"10":{"start":{"line":19,"column":8},"end":{"line":19,"column":53}},"11":{"start":{"line":23,"column":22},"end":{"line":49,"column":1}},"12":{"start":{"line":24,"column":30},"end":{"line":24,"column":38}},"13":{"start":{"line":25,"column":4},"end":{"line":48,"column":5}},"14":{"start":{"line":26,"column":23},"end":{"line":26,"column":91}},"15":{"start":{"line":27,"column":8},"end":{"line":29,"column":9}},"16":{"start":{"line":28,"column":12},"end":{"line":28,"column":75}},"17":{"start":{"line":31,"column":29},"end":{"line":31,"column":43}},"18":{"start":{"line":33,"column":30},"end":{"line":33,"column":94}},"19":{"start":{"line":34,"column":8},"end":{"line":36,"column":9}},"20":{"start":{"line":35,"column":12},"end":{"line":35,"column":76}},"21":{"start":{"line":38,"column":24},"end":{"line":43,"column":5}},"22":{"start":{"line":44,"column":4},"end":{"line":44,"column":41}},"23":{"start":{"line":46,"column":8},"end":{"line":46,"column":27}},"24":{"start":{"line":47,"column":8},"end":{"line":47,"column":54}}},"fnMap":{"0":{"name":"(anonymous_0)","decl":{"start":{"line":5,"column":22},"end":{"line":5,"column":23}},"loc":{"start":{"line":5,"column":41},"end":{"line":21,"column":1}},"line":5},"1":{"name":"(anonymous_1)","decl":{"start":{"line":23,"column":22},"end":{"line":23,"column":23}},"loc":{"start":{"line":23,"column":42},"end":{"line":49,"column":1}},"line":23}},"branchMap":{"0":{"loc":{"start":{"line":9,"column":8},"end":{"line":11,"column":5}},"type":"if","locations":[{"start":{"line":9,"column":8},"end":{"line":11,"column":5}},{"start":{},"end":{}}],"line":9},"1":{"loc":{"start":{"line":27,"column":8},"end":{"line":29,"column":9}},"type":"if","locations":[{"start":{"line":27,"column":8},"end":{"line":29,"column":9}},{"start":{},"end":{}}],"line":27},"2":{"loc":{"start":{"line":34,"column":8},"end":{"line":36,"column":9}},"type":"if","locations":[{"start":{"line":34,"column":8},"end":{"line":36,"column":9}},{"start":{},"end":{}}],"line":34}},"s":{"0":2,"1":3,"2":3,"3":3,"4":3,"5":1,"6":2,"7":2,"8":2,"9":0,"10":0,"11":2,"12":3,"13":3,"14":3,"15":3,"16":0,"17":3,"18":3,"19":3,"20":1,"21":2,"22":2,"23":0,"24":0},"f":{"0":3,"1":3},"b":{"0":[1,2],"1":[0,3],"2":[1,2]},"_coverageSchema":"1a1c01bbd47fc00a2c39e90264f33305004495a9","hash":"6ad3661096f6efe2b659f154c7fbaa951b801d6a"}
,"/home/ganapathi/Projects/Fileservice/src/controller/mediaController.js": {"path":"/home/ganapathi/Projects/Fileservice/src/controller/mediaController.js","statementMap":{"0":{"start":{"line":4,"column":14},"end":{"line":4,"column":46}},"1":{"start":{"line":7,"column":2},"end":{"line":7,"column":48}},"2":{"start":{"line":11,"column":21},"end":{"line":43,"column":1}},"3":{"start":{"line":12,"column":19},"end":{"line":12,"column":42}},"4":{"start":{"line":14,"column":2},"end":{"line":42,"column":3}},"5":{"start":{"line":15,"column":28},"end":{"line":15,"column":36}},"6":{"start":{"line":16,"column":17},"end":{"line":16,"column":25}},"7":{"start":{"line":18,"column":4},"end":{"line":18,"column":76}},"8":{"start":{"line":18,"column":15},"end":{"line":18,"column":76}},"9":{"start":{"line":20,"column":21},"end":{"line":20,"column":56}},"10":{"start":{"line":21,"column":21},"end":{"line":21,"column":48}},"11":{"start":{"line":23,"column":28},"end":{"line":28,"column":8}},"12":{"start":{"line":30,"column":4},"end":{"line":32,"column":5}},"13":{"start":{"line":31,"column":6},"end":{"line":31,"column":62}},"14":{"start":{"line":34,"column":19},"end":{"line":37,"column":5}},"15":{"start":{"line":38,"column":4},"end":{"line":38,"column":48}},"16":{"start":{"line":40,"column":4},"end":{"line":40,"column":25}},"17":{"start":{"line":41,"column":4},"end":{"line":41,"column":53}},"18":{"start":{"line":45,"column":25},"end":{"line":74,"column":1}},"19":{"start":{"line":46,"column":19},"end":{"line":46,"column":42}},"20":{"start":{"line":48,"column":2},"end":{"line":73,"column":3}},"21":{"start":{"line":49,"column":19},"end":{"line":49,"column":29}},"22":{"start":{"line":50,"column":18},"end":{"line":52,"column":6}},"23":{"start":{"line":53,"column":4},"end":{"line":54,"column":65}},"24":{"start":{"line":54,"column":6},"end":{"line":54,"column":65}},"25":{"start":{"line":56,"column":21},"end":{"line":56,"column":43}},"26":{"start":{"line":58,"column":4},"end":{"line":61,"column":6}},"27":{"start":{"line":63,"column":28},"end":{"line":65,"column":41}},"28":{"start":{"line":67,"column":4},"end":{"line":67,"column":71}},"29":{"start":{"line":67,"column":15},"end":{"line":67,"column":71}},"30":{"start":{"line":69,"column":4},"end":{"line":69,"column":57}},"31":{"start":{"line":71,"column":4},"end":{"line":71,"column":25}},"32":{"start":{"line":72,"column":4},"end":{"line":72,"column":60}},"33":{"start":{"line":76,"column":23},"end":{"line":95,"column":1}},"34":{"start":{"line":77,"column":17},"end":{"line":77,"column":27}},"35":{"start":{"line":78,"column":2},"end":{"line":94,"column":3}},"36":{"start":{"line":79,"column":18},"end":{"line":81,"column":6}},"37":{"start":{"line":82,"column":4},"end":{"line":83,"column":65}},"38":{"start":{"line":83,"column":6},"end":{"line":83,"column":65}},"39":{"start":{"line":85,"column":4},"end":{"line":88,"column":6}},"40":{"start":{"line":90,"column":4},"end":{"line":90,"column":53}},"41":{"start":{"line":92,"column":4},"end":{"line":92,"column":25}},"42":{"start":{"line":93,"column":4},"end":{"line":93,"column":53}},"43":{"start":{"line":97,"column":25},"end":{"line":148,"column":1}},"44":{"start":{"line":98,"column":17},"end":{"line":98,"column":27}},"45":{"start":{"line":99,"column":19},"end":{"line":99,"column":42}},"46":{"start":{"line":101,"column":2},"end":{"line":147,"column":3}},"47":{"start":{"line":102,"column":18},"end":{"line":104,"column":6}},"48":{"start":{"line":105,"column":4},"end":{"line":106,"column":65}},"49":{"start":{"line":106,"column":6},"end":{"line":106,"column":65}},"50":{"start":{"line":108,"column":19},"end":{"line":108,"column":44}},"51":{"start":{"line":109,"column":4},"end":{"line":111,"column":5}},"52":{"start":{"line":110,"column":6},"end":{"line":110,"column":42}},"53":{"start":{"line":113,"column":23},"end":{"line":116,"column":5}},"54":{"start":{"line":118,"column":21},"end":{"line":121,"column":5}},"55":{"start":{"line":123,"column":27},"end":{"line":127,"column":5}},"56":{"start":{"line":129,"column":24},"end":{"line":129,"column":26}},"57":{"start":{"line":130,"column":4},"end":{"line":132,"column":7}},"58":{"start":{"line":131,"column":6},"end":{"line":131,"column":53}},"59":{"start":{"line":134,"column":21},"end":{"line":138,"column":5}},"60":{"start":{"line":140,"column":4},"end":{"line":140,"column":63}},"61":{"start":{"line":142,"column":4},"end":{"line":142,"column":30}},"62":{"start":{"line":145,"column":4},"end":{"line":145,"column":25}},"63":{"start":{"line":146,"column":4},"end":{"line":146,"column":53}}},"fnMap":{"0":{"name":"sanitizeFileName","decl":{"start":{"line":6,"column":9},"end":{"line":6,"column":25}},"loc":{"start":{"line":6,"column":32},"end":{"line":9,"column":1}},"line":6},"1":{"name":"(anonymous_1)","decl":{"start":{"line":11,"column":21},"end":{"line":11,"column":22}},"loc":{"start":{"line":11,"column":41},"end":{"line":43,"column":1}},"line":11},"2":{"name":"(anonymous_2)","decl":{"start":{"line":45,"column":25},"end":{"line":45,"column":26}},"loc":{"start":{"line":45,"column":45},"end":{"line":74,"column":1}},"line":45},"3":{"name":"(anonymous_3)","decl":{"start":{"line":76,"column":23},"end":{"line":76,"column":24}},"loc":{"start":{"line":76,"column":43},"end":{"line":95,"column":1}},"line":76},"4":{"name":"(anonymous_4)","decl":{"start":{"line":97,"column":25},"end":{"line":97,"column":26}},"loc":{"start":{"line":97,"column":45},"end":{"line":148,"column":1}},"line":97},"5":{"name":"(anonymous_5)","decl":{"start":{"line":130,"column":32},"end":{"line":130,"column":33}},"loc":{"start":{"line":130,"column":41},"end":{"line":132,"column":5}},"line":130}},"branchMap":{"0":{"loc":{"start":{"line":18,"column":4},"end":{"line":18,"column":76}},"type":"if","locations":[{"start":{"line":18,"column":4},"end":{"line":18,"column":76}},{"start":{},"end":{}}],"line":18},"1":{"loc":{"start":{"line":30,"column":4},"end":{"line":32,"column":5}},"type":"if","locations":[{"start":{"line":30,"column":4},"end":{"line":32,"column":5}},{"start":{},"end":{}}],"line":30},"2":{"loc":{"start":{"line":53,"column":4},"end":{"line":54,"column":65}},"type":"if","locations":[{"start":{"line":53,"column":4},"end":{"line":54,"column":65}},{"start":{},"end":{}}],"line":53},"3":{"loc":{"start":{"line":67,"column":4},"end":{"line":67,"column":71}},"type":"if","locations":[{"start":{"line":67,"column":4},"end":{"line":67,"column":71}},{"start":{},"end":{}}],"line":67},"4":{"loc":{"start":{"line":82,"column":4},"end":{"line":83,"column":65}},"type":"if","locations":[{"start":{"line":82,"column":4},"end":{"line":83,"column":65}},{"start":{},"end":{}}],"line":82},"5":{"loc":{"start":{"line":105,"column":4},"end":{"line":106,"column":65}},"type":"if","locations":[{"start":{"line":105,"column":4},"end":{"line":106,"column":65}},{"start":{},"end":{}}],"line":105},"6":{"loc":{"start":{"line":109,"column":4},"end":{"line":111,"column":5}},"type":"if","locations":[{"start":{"line":109,"column":4},"end":{"line":111,"column":5}},{"start":{},"end":{}}],"line":109}},"s":{"0":2,"1":1,"2":2,"3":1,"4":1,"5":1,"6":1,"7":1,"8":0,"9":1,"10":1,"11":1,"12":1,"13":0,"14":1,"15":1,"16":0,"17":0,"18":2,"19":1,"20":1,"21":1,"22":1,"23":1,"24":0,"25":1,"26":1,"27":1,"28":1,"29":0,"30":1,"31":0,"32":0,"33":2,"34":1,"35":1,"36":1,"37":1,"38":0,"39":1,"40":1,"41":0,"42":0,"43":2,"44":1,"45":1,"46":1,"47":1,"48":1,"49":0,"50":1,"51":1,"52":1,"53":0,"54":0,"55":0,"56":0,"57":0,"58":0,"59":0,"60":0,"61":0,"62":0,"63":0},"f":{"0":1,"1":1,"2":1,"3":1,"4":1,"5":0},"b":{"0":[0,1],"1":[0,1],"2":[0,1],"3":[0,1],"4":[0,1],"5":[0,1],"6":[1,0]},"_coverageSchema":"1a1c01bbd47fc00a2c39e90264f33305004495a9","hash":"7de93f3cb05573b08e8b58740764c5de84da5899"}
,"/home/ganapathi/Projects/Fileservice/src/middleware/check-auth.js": {"path":"/home/ganapathi/Projects/Fileservice/src/middleware/check-auth.js","statementMap":{"0":{"start":{"line":3,"column":25},"end":{"line":23,"column":1}},"1":{"start":{"line":4,"column":23},"end":{"line":4,"column":65}},"2":{"start":{"line":6,"column":4},"end":{"line":8,"column":5}},"3":{"start":{"line":7,"column":8},"end":{"line":7,"column":65}},"4":{"start":{"line":10,"column":18},"end":{"line":10,"column":50}},"5":{"start":{"line":12,"column":4},"end":{"line":14,"column":5}},"6":{"start":{"line":13,"column":8},"end":{"line":13,"column":65}},"7":{"start":{"line":15,"column":4},"end":{"line":22,"column":5}},"8":{"start":{"line":16,"column":24},"end":{"line":16,"column":62}},"9":{"start":{"line":17,"column":8},"end":{"line":17,"column":27}},"10":{"start":{"line":18,"column":8},"end":{"line":18,"column":15}},"11":{"start":{"line":20,"column":8},"end":{"line":20,"column":62}},"12":{"start":{"line":21,"column":8},"end":{"line":21,"column":77}}},"fnMap":{"0":{"name":"(anonymous_0)","decl":{"start":{"line":3,"column":25},"end":{"line":3,"column":26}},"loc":{"start":{"line":3,"column":45},"end":{"line":23,"column":1}},"line":3}},"branchMap":{"0":{"loc":{"start":{"line":4,"column":30},"end":{"line":4,"column":64}},"type":"binary-expr","locations":[{"start":{"line":4,"column":30},"end":{"line":4,"column":58}},{"start":{"line":4,"column":62},"end":{"line":4,"column":64}}],"line":4},"1":{"loc":{"start":{"line":6,"column":4},"end":{"line":8,"column":5}},"type":"if","locations":[{"start":{"line":6,"column":4},"end":{"line":8,"column":5}},{"start":{},"end":{}}],"line":6},"2":{"loc":{"start":{"line":6,"column":8},"end":{"line":6,"column":56}},"type":"binary-expr","locations":[{"start":{"line":6,"column":8},"end":{"line":6,"column":19}},{"start":{"line":6,"column":23},"end":{"line":6,"column":56}}],"line":6},"3":{"loc":{"start":{"line":12,"column":4},"end":{"line":14,"column":5}},"type":"if","locations":[{"start":{"line":12,"column":4},"end":{"line":14,"column":5}},{"start":{},"end":{}}],"line":12}},"s":{"0":2,"1":4,"2":4,"3":0,"4":4,"5":4,"6":0,"7":4,"8":4,"9":4,"10":4,"11":0,"12":0},"f":{"0":4},"b":{"0":[4,0],"1":[0,4],"2":[4,4],"3":[0,4]},"_coverageSchema":"1a1c01bbd47fc00a2c39e90264f33305004495a9","hash":"80c334e17d54c3b31ed429002e67f8e32816874e"}
,"/home/ganapathi/Projects/Fileservice/src/middleware/request-validation.js": {"path":"/home/ganapathi/Projects/Fileservice/src/middleware/request-validation.js","statementMap":{"0":{"start":{"line":3,"column":33},"end":{"line":9,"column":1}},"1":{"start":{"line":4,"column":17},"end":{"line":4,"column":38}},"2":{"start":{"line":5,"column":2},"end":{"line":7,"column":3}},"3":{"start":{"line":6,"column":4},"end":{"line":6,"column":60}},"4":{"start":{"line":8,"column":2},"end":{"line":8,"column":9}}},"fnMap":{"0":{"name":"(anonymous_0)","decl":{"start":{"line":3,"column":33},"end":{"line":3,"column":34}},"loc":{"start":{"line":3,"column":59},"end":{"line":9,"column":1}},"line":3}},"branchMap":{"0":{"loc":{"start":{"line":5,"column":2},"end":{"line":7,"column":3}},"type":"if","locations":[{"start":{"line":5,"column":2},"end":{"line":7,"column":3}},{"start":{},"end":{}}],"line":5}},"s":{"0":2,"1":6,"2":6,"3":0,"4":6},"f":{"0":6},"b":{"0":[0,6]},"_coverageSchema":"1a1c01bbd47fc00a2c39e90264f33305004495a9","hash":"e5653468fb58178ec485dff3bd08f3931476c48f"}
,"/home/ganapathi/Projects/Fileservice/src/routes/authRoutes.js": {"path":"/home/ganapathi/Projects/Fileservice/src/routes/authRoutes.js","statementMap":{"0":{"start":{"line":7,"column":15},"end":{"line":7,"column":31}},"1":{"start":{"line":9,"column":0},"end":{"line":20,"column":1}},"2":{"start":{"line":22,"column":0},"end":{"line":33,"column":1}}},"fnMap":{},"branchMap":{},"s":{"0":2,"1":2,"2":2},"f":{},"b":{},"_coverageSchema":"1a1c01bbd47fc00a2c39e90264f33305004495a9","hash":"63f18cca8cc7350f20bfc77740c5d725404fd957"}
,"/home/ganapathi/Projects/Fileservice/src/routes/mediaRoutes.js": {"path":"/home/ganapathi/Projects/Fileservice/src/routes/mediaRoutes.js","statementMap":{"0":{"start":{"line":7,"column":15},"end":{"line":7,"column":31}},"1":{"start":{"line":9,"column":15},"end":{"line":9,"column":58}},"2":{"start":{"line":11,"column":27},"end":{"line":17,"column":2}},"3":{"start":{"line":20,"column":0},"end":{"line":20,"column":58}},"4":{"start":{"line":22,"column":0},"end":{"line":22,"column":51}},"5":{"start":{"line":24,"column":0},"end":{"line":24,"column":58}},"6":{"start":{"line":26,"column":0},"end":{"line":26,"column":51}}},"fnMap":{},"branchMap":{},"s":{"0":2,"1":2,"2":2,"3":2,"4":2,"5":2,"6":2},"f":{},"b":{},"_coverageSchema":"1a1c01bbd47fc00a2c39e90264f33305004495a9","hash":"9d89cef4105d9dfb75ece07cb4a132f0081b28dc"}
}
