TN:
SF:src/controller/authController.js
FN:5,(anonymous_0)
FN:23,(anonymous_1)
FNF:2
FNH:2
FNDA:3,(anonymous_0)
FNDA:3,(anonymous_1)
DA:5,2
DA:6,3
DA:7,3
DA:8,3
DA:9,3
DA:10,1
DA:13,2
DA:14,2
DA:15,2
DA:18,0
DA:19,0
DA:23,2
DA:24,3
DA:25,3
DA:26,3
DA:27,3
DA:28,0
DA:31,3
DA:33,3
DA:34,3
DA:35,1
DA:38,2
DA:44,2
DA:46,0
DA:47,0
LF:25
LH:20
BRDA:9,0,0,1
BRDA:9,0,1,2
BRDA:27,1,0,0
BRDA:27,1,1,3
BRDA:34,2,0,1
BRDA:34,2,1,2
BRF:6
BRH:5
end_of_record
TN:
SF:src/controller/mediaController.js
FN:6,sanitizeFileName
FN:11,(anonymous_1)
FN:45,(anonymous_2)
FN:76,(anonymous_3)
FN:97,(anonymous_4)
FN:130,(anonymous_5)
FNF:6
FNH:5
FNDA:1,sanitizeFileName
FNDA:1,(anonymous_1)
FNDA:1,(anonymous_2)
FNDA:1,(anonymous_3)
FNDA:1,(anonymous_4)
FNDA:0,(anonymous_5)
DA:4,2
DA:7,1
DA:11,2
DA:12,1
DA:14,1
DA:15,1
DA:16,1
DA:18,1
DA:20,1
DA:21,1
DA:23,1
DA:30,1
DA:31,0
DA:34,1
DA:38,1
DA:40,0
DA:41,0
DA:45,2
DA:46,1
DA:48,1
DA:49,1
DA:50,1
DA:53,1
DA:54,0
DA:56,1
DA:58,1
DA:63,1
DA:67,1
DA:69,1
DA:71,0
DA:72,0
DA:76,2
DA:77,1
DA:78,1
DA:79,1
DA:82,1
DA:83,0
DA:85,1
DA:90,1
DA:92,0
DA:93,0
DA:97,2
DA:98,1
DA:99,1
DA:101,1
DA:102,1
DA:105,1
DA:106,0
DA:108,1
DA:109,1
DA:110,1
DA:113,0
DA:118,0
DA:123,0
DA:129,0
DA:130,0
DA:131,0
DA:134,0
DA:140,0
DA:142,0
DA:145,0
DA:146,0
LF:62
LH:41
BRDA:18,0,0,0
BRDA:18,0,1,1
BRDA:30,1,0,0
BRDA:30,1,1,1
BRDA:53,2,0,0
BRDA:53,2,1,1
BRDA:67,3,0,0
BRDA:67,3,1,1
BRDA:82,4,0,0
BRDA:82,4,1,1
BRDA:105,5,0,0
BRDA:105,5,1,1
BRDA:109,6,0,1
BRDA:109,6,1,0
BRF:14
BRH:7
end_of_record
TN:
SF:src/middleware/check-auth.js
FN:3,(anonymous_0)
FNF:1
FNH:1
FNDA:4,(anonymous_0)
DA:3,2
DA:4,4
DA:6,4
DA:7,0
DA:10,4
DA:12,4
DA:13,0
DA:15,4
DA:16,4
DA:17,4
DA:18,4
DA:20,0
DA:21,0
LF:13
LH:9
BRDA:4,0,0,4
BRDA:4,0,1,0
BRDA:6,1,0,0
BRDA:6,1,1,4
BRDA:6,2,0,4
BRDA:6,2,1,4
BRDA:12,3,0,0
BRDA:12,3,1,4
BRF:8
BRH:5
end_of_record
TN:
SF:src/middleware/request-validation.js
FN:3,(anonymous_0)
FNF:1
FNH:1
FNDA:6,(anonymous_0)
DA:3,2
DA:4,6
DA:5,6
DA:6,0
DA:8,6
LF:5
LH:4
BRDA:5,0,0,0
BRDA:5,0,1,6
BRF:2
BRH:1
end_of_record
TN:
SF:src/routes/authRoutes.js
FNF:0
FNH:0
DA:7,2
DA:9,2
DA:22,2
LF:3
LH:3
BRF:0
BRH:0
end_of_record
TN:
SF:src/routes/mediaRoutes.js
FNF:0
FNH:0
DA:7,2
DA:9,2
DA:11,2
DA:20,2
DA:22,2
DA:24,2
DA:26,2
LF:7
LH:7
BRF:0
BRH:0
end_of_record
